Using pre-set license
Built from '2021.3/staging' branch; Version is '2021.3.16f1 (4016570cf34f) revision 4200023'; Using compiler version '192829333'; Build Type 'Release'
OS: 'Windows 10  (10.0.19044) 64bit Professional' Language: 'tr' Physical Memory: 16329 MB
BatchMode: 1, IsHumanControllingUs: 0, StartBugReporterOnCrash: 0, Is64bit: 1, IsPro: 1

COMMAND LINE ARGUMENTS:
D:\Unity\Hub\Editor\2021.3.16f1\Editor\Unity.exe
-adb2
-batchMode
-noUpm
-name
AssetImportWorker0
-projectPath
C:/Users/Berat/Documents/GitHub/GGJ4SEASON/4SEASON
-logFile
Logs/AssetImportWorker0.log
-srvPort
54592
Successfully changed project path to: C:/Users/Berat/Documents/GitHub/GGJ4SEASON/4SEASON
C:/Users/Berat/Documents/GitHub/GGJ4SEASON/4SEASON
[UnityMemory] Configuration Parameters - Can be set up in boot.config
    "memorysetup-bucket-allocator-granularity=16"
    "memorysetup-bucket-allocator-bucket-count=8"
    "memorysetup-bucket-allocator-block-size=33554432"
    "memorysetup-bucket-allocator-block-count=8"
    "memorysetup-main-allocator-block-size=16777216"
    "memorysetup-thread-allocator-block-size=16777216"
    "memorysetup-gfx-main-allocator-block-size=16777216"
    "memorysetup-gfx-thread-allocator-block-size=16777216"
    "memorysetup-cache-allocator-block-size=4194304"
    "memorysetup-typetree-allocator-block-size=2097152"
    "memorysetup-profiler-bucket-allocator-granularity=16"
    "memorysetup-profiler-bucket-allocator-bucket-count=8"
    "memorysetup-profiler-bucket-allocator-block-size=33554432"
    "memorysetup-profiler-bucket-allocator-block-count=8"
    "memorysetup-profiler-allocator-block-size=16777216"
    "memorysetup-profiler-editor-allocator-block-size=1048576"
    "memorysetup-temp-allocator-size-main=16777216"
    "memorysetup-job-temp-allocator-block-size=2097152"
    "memorysetup-job-temp-allocator-block-size-background=1048576"
    "memorysetup-job-temp-allocator-reduction-small-platforms=262144"
    "memorysetup-temp-allocator-size-background-worker=32768"
    "memorysetup-temp-allocator-size-job-worker=262144"
    "memorysetup-temp-allocator-size-preload-manager=33554432"
    "memorysetup-temp-allocator-size-nav-mesh-worker=65536"
    "memorysetup-temp-allocator-size-audio-worker=65536"
    "memorysetup-temp-allocator-size-cloud-worker=32768"
    "memorysetup-temp-allocator-size-gi-baking-worker=262144"
    "memorysetup-temp-allocator-size-gfx=262144"
Player connection [10368] Host "[IP] 192.168.1.105 [Port] 0 [Flags] 2 [Guid] 761395758 [EditorId] 761395758 [Version] 1048832 [Id] WindowsEditor(7,DESKTOP-JNMLULB) [Debug] 1 [PackageName] WindowsEditor [ProjectName] Editor" joined multi-casting on [225.0.0.222:54997]...

Player connection [10368] Host "[IP] 192.168.1.105 [Port] 0 [Flags] 2 [Guid] 761395758 [EditorId] 761395758 [Version] 1048832 [Id] WindowsEditor(7,DESKTOP-JNMLULB) [Debug] 1 [PackageName] WindowsEditor [ProjectName] Editor" joined alternative multi-casting on [225.0.0.222:34997]...

Refreshing native plugins compatible for Editor in 89.98 ms, found 3 plugins.
Preloading 0 native plugins for Editor in 0.00 ms.
Initialize engine version: 2021.3.16f1 (4016570cf34f)
[Subsystems] Discovering subsystems at path D:/Unity/Hub/Editor/2021.3.16f1/Editor/Data/Resources/UnitySubsystems
[Subsystems] Discovering subsystems at path C:/Users/Berat/Documents/GitHub/GGJ4SEASON/4SEASON/Assets
GfxDevice: creating device client; threaded=0; jobified=0
Direct3D:
    Version:  Direct3D 11.0 [level 11.1]
    Renderer: NVIDIA GeForce GTX 1080 (ID=0x1b80)
    Vendor:   NVIDIA
    VRAM:     8072 MB
    Driver:   31.0.15.2824
Initialize mono
Mono path[0] = 'D:/Unity/Hub/Editor/2021.3.16f1/Editor/Data/Managed'
Mono path[1] = 'D:/Unity/Hub/Editor/2021.3.16f1/Editor/Data/MonoBleedingEdge/lib/mono/unityjit-win32'
Mono config path = 'D:/Unity/Hub/Editor/2021.3.16f1/Editor/Data/MonoBleedingEdge/etc'
Using monoOptions --debugger-agent=transport=dt_socket,embedding=1,server=y,suspend=n,address=127.0.0.1:56652
Begin MonoManager ReloadAssembly
Registering precompiled unity dll's ...
Register platform support module: D:/Unity/Hub/Editor/2021.3.16f1/Editor/Data/PlaybackEngines/AndroidPlayer/UnityEditor.Android.Extensions.dll
Register platform support module: D:/Unity/Hub/Editor/2021.3.16f1/Editor/Data/PlaybackEngines/WindowsStandaloneSupport/UnityEditor.WindowsStandalone.Extensions.dll
Registered in 0.003822 seconds.
Native extension for WindowsStandalone target not found
Native extension for Android target not found
Refreshing native plugins compatible for Editor in 83.66 ms, found 3 plugins.
Preloading 0 native plugins for Editor in 0.00 ms.
Mono: successfully reloaded assembly
- Completed reload, in  0.637 seconds
Domain Reload Profiling:
	ReloadAssembly (638ms)
		BeginReloadAssembly (62ms)
			ExecutionOrderSort (0ms)
			DisableScriptedObjects (0ms)
			BackupInstance (0ms)
			ReleaseScriptingObjects (0ms)
			CreateAndSetChildDomain (1ms)
		EndReloadAssembly (472ms)
			LoadAssemblies (61ms)
			RebuildTransferFunctionScriptingTraits (0ms)
			SetupTypeCache (103ms)
			ReleaseScriptCaches (0ms)
			RebuildScriptCaches (29ms)
			SetupLoadedEditorAssemblies (291ms)
				LogAssemblyErrors (0ms)
				InitializePlatformSupportModulesInManaged (56ms)
				SetLoadedEditorAssemblies (0ms)
				RefreshPlugins (84ms)
				BeforeProcessingInitializeOnLoad (1ms)
				ProcessInitializeOnLoadAttributes (107ms)
				ProcessInitializeOnLoadMethodAttributes (43ms)
				AfterProcessingInitializeOnLoad (0ms)
				EditorAssembliesLoaded (0ms)
			ExecutionOrderSort2 (0ms)
			AwakeInstancesAfterBackupRestoration (0ms)
Platform modules already initialized, skipping
Registering precompiled user dll's ...
Registered in 0.008398 seconds.
Begin MonoManager ReloadAssembly
Symbol file LoadedFromMemory doesn't match image C:\Users\Berat\Documents\GitHub\GGJ4SEASON\4SEASON\Library\PackageCache\com.unity.visualscripting@1.7.8\Editor\VisualScripting.Core\Dependencies\YamlDotNet\Unity.VisualScripting.YamlDotNet.dll
Symbol file LoadedFromMemory doesn't match image C:\Users\Berat\Documents\GitHub\GGJ4SEASON\4SEASON\Library\PackageCache\com.unity.visualscripting@1.7.8\Editor\VisualScripting.Core\Dependencies\DotNetZip\Unity.VisualScripting.IonicZip.dll
Native extension for WindowsStandalone target not found
Native extension for Android target not found
Refreshing native plugins compatible for Editor in 0.66 ms, found 3 plugins.
Preloading 0 native plugins for Editor in 0.00 ms.
Mono: successfully reloaded assembly
- Completed reload, in  1.102 seconds
Domain Reload Profiling:
	ReloadAssembly (1103ms)
		BeginReloadAssembly (212ms)
			ExecutionOrderSort (0ms)
			DisableScriptedObjects (6ms)
			BackupInstance (0ms)
			ReleaseScriptingObjects (0ms)
			CreateAndSetChildDomain (131ms)
		EndReloadAssembly (788ms)
			LoadAssemblies (74ms)
			RebuildTransferFunctionScriptingTraits (0ms)
			SetupTypeCache (265ms)
			ReleaseScriptCaches (1ms)
			RebuildScriptCaches (49ms)
			SetupLoadedEditorAssemblies (354ms)
				LogAssemblyErrors (0ms)
				InitializePlatformSupportModulesInManaged (12ms)
				SetLoadedEditorAssemblies (0ms)
				RefreshPlugins (1ms)
				BeforeProcessingInitializeOnLoad (80ms)
				ProcessInitializeOnLoadAttributes (233ms)
				ProcessInitializeOnLoadMethodAttributes (25ms)
				AfterProcessingInitializeOnLoad (3ms)
				EditorAssembliesLoaded (0ms)
			ExecutionOrderSort2 (0ms)
			AwakeInstancesAfterBackupRestoration (7ms)
Platform modules already initialized, skipping
========================================================================
Worker process is ready to serve import requests
Launched and connected shader compiler UnityShaderCompiler.exe after 0.04 seconds
Refreshing native plugins compatible for Editor in 0.68 ms, found 3 plugins.
Preloading 0 native plugins for Editor in 0.00 ms.
Unloading 3432 Unused Serialized files (Serialized files now loaded: 0)
Unloading 25 unused Assets / (56.7 KB). Loaded Objects now: 3900.
Memory consumption went from 122.3 MB to 122.3 MB.
Total: 2.879900 ms (FindLiveObjects: 0.236800 ms CreateObjectMapping: 0.190000 ms MarkObjects: 2.388200 ms  DeleteObjects: 0.064100 ms)

AssetImportParameters requested are different than current active one (requested -> active):
  custom:video-decoder-ogg-theora: a1e56fd34408186e4bbccfd4996cb3dc -> 
  custom:container-muxer-webm: aa71ff27fc2769a1b78a27578f13a17b -> 
  custom:container-demuxer-webm: 4f35f7cbe854078d1ac9338744f61a02 -> 
  custom:video-encoder-webm-vp8: eb34c28f22e8b96e1ab97ce403110664 -> 
  custom:audio-encoder-webm-vorbis: bf7c407c2cedff20999df2af8eb42d56 -> 
  custom:framework-win-MediaFoundation: 216162199b28c13a410421893ffa2e32 -> 
  custom:container-demuxer-ogg: 62fdf1f143b41e24485cea50d1cbac27 -> 
  custom:video-decoder-webm-vp8: 9c59270c3fd7afecdb556c50c9e8de78 -> 
  custom:audio-decoder-ogg-vorbis: bf7c407c2cedff20999df2af8eb42d56 -> 
========================================================================
Received Import Request.
  Time since last request: 178863.026123 seconds.
  path: Assets/New Terrain.asset
  artifactKey: Guid(7b15145e7fdf69a458b7c2aaa82bd5e0) Importer(815301076,1909f56bfc062723c751e8b465ee728b)
Start importing Assets/New Terrain.asset using Guid(7b15145e7fdf69a458b7c2aaa82bd5e0) Importer(815301076,1909f56bfc062723c751e8b465ee728b)  -> (artifact id: 'b397713d2f94bc1d7652dd282ef95880') in 0.076094 seconds 
========================================================================
Received Import Request.
  Time since last request: 6.714127 seconds.
  path: Assets/Hasan/Prefabs
  artifactKey: Guid(18b992a29d893734092fbacc17babe2d) Importer(815301076,1909f56bfc062723c751e8b465ee728b)
Start importing Assets/Hasan/Prefabs using Guid(18b992a29d893734092fbacc17babe2d) Importer(815301076,1909f56bfc062723c751e8b465ee728b)  -> (artifact id: 'efac9c0292865118e498b451f856d623') in 0.005471 seconds 
========================================================================
Received Prepare
Registering precompiled user dll's ...
Registered in 0.006177 seconds.
Begin MonoManager ReloadAssembly
Symbol file LoadedFromMemory doesn't match image C:\Users\Berat\Documents\GitHub\GGJ4SEASON\4SEASON\Library\PackageCache\com.unity.visualscripting@1.7.8\Editor\VisualScripting.Core\Dependencies\YamlDotNet\Unity.VisualScripting.YamlDotNet.dll
Symbol file LoadedFromMemory doesn't match image C:\Users\Berat\Documents\GitHub\GGJ4SEASON\4SEASON\Library\PackageCache\com.unity.visualscripting@1.7.8\Editor\VisualScripting.Core\Dependencies\DotNetZip\Unity.VisualScripting.IonicZip.dll
Native extension for WindowsStandalone target not found
Native extension for Android target not found
Refreshing native plugins compatible for Editor in 0.67 ms, found 3 plugins.
Preloading 0 native plugins for Editor in 0.00 ms.
Mono: successfully reloaded assembly
- Completed reload, in  0.998 seconds
Domain Reload Profiling:
	ReloadAssembly (999ms)
		BeginReloadAssembly (123ms)
			ExecutionOrderSort (0ms)
			DisableScriptedObjects (5ms)
			BackupInstance (0ms)
			ReleaseScriptingObjects (0ms)
			CreateAndSetChildDomain (32ms)
		EndReloadAssembly (789ms)
			LoadAssemblies (79ms)
			RebuildTransferFunctionScriptingTraits (0ms)
			SetupTypeCache (282ms)
			ReleaseScriptCaches (1ms)
			RebuildScriptCaches (40ms)
			SetupLoadedEditorAssemblies (334ms)
				LogAssemblyErrors (0ms)
				InitializePlatformSupportModulesInManaged (21ms)
				SetLoadedEditorAssemblies (1ms)
				RefreshPlugins (1ms)
				BeforeProcessingInitializeOnLoad (63ms)
				ProcessInitializeOnLoadAttributes (216ms)
				ProcessInitializeOnLoadMethodAttributes (26ms)
				AfterProcessingInitializeOnLoad (7ms)
				EditorAssembliesLoaded (0ms)
			ExecutionOrderSort2 (0ms)
			AwakeInstancesAfterBackupRestoration (8ms)
Platform modules already initialized, skipping
Refreshing native plugins compatible for Editor in 2.51 ms, found 3 plugins.
Preloading 0 native plugins for Editor in 0.00 ms.
Unloading 3425 Unused Serialized files (Serialized files now loaded: 0)
Unloading 20 unused Assets / (0.5 MB). Loaded Objects now: 3905.
Memory consumption went from 122.9 MB to 122.3 MB.
Total: 2.801300 ms (FindLiveObjects: 0.213700 ms CreateObjectMapping: 0.147000 ms MarkObjects: 2.188400 ms  DeleteObjects: 0.251600 ms)

AssetImportParameters requested are different than current active one (requested -> active):
  custom:video-decoder-ogg-theora: a1e56fd34408186e4bbccfd4996cb3dc -> 
  custom:container-muxer-webm: aa71ff27fc2769a1b78a27578f13a17b -> 
  custom:container-demuxer-webm: 4f35f7cbe854078d1ac9338744f61a02 -> 
  custom:video-encoder-webm-vp8: eb34c28f22e8b96e1ab97ce403110664 -> 
  custom:audio-encoder-webm-vorbis: bf7c407c2cedff20999df2af8eb42d56 -> 
  custom:framework-win-MediaFoundation: 216162199b28c13a410421893ffa2e32 -> 
  custom:container-demuxer-ogg: 62fdf1f143b41e24485cea50d1cbac27 -> 
  custom:video-decoder-webm-vp8: 9c59270c3fd7afecdb556c50c9e8de78 -> 
  custom:audio-decoder-ogg-vorbis: bf7c407c2cedff20999df2af8eb42d56 -> 
========================================================================
Received Prepare
Registering precompiled user dll's ...
Registered in 0.006316 seconds.
Begin MonoManager ReloadAssembly
Symbol file LoadedFromMemory doesn't match image C:\Users\Berat\Documents\GitHub\GGJ4SEASON\4SEASON\Library\PackageCache\com.unity.visualscripting@1.7.8\Editor\VisualScripting.Core\Dependencies\YamlDotNet\Unity.VisualScripting.YamlDotNet.dll
Symbol file LoadedFromMemory doesn't match image C:\Users\Berat\Documents\GitHub\GGJ4SEASON\4SEASON\Library\PackageCache\com.unity.visualscripting@1.7.8\Editor\VisualScripting.Core\Dependencies\DotNetZip\Unity.VisualScripting.IonicZip.dll
Native extension for WindowsStandalone target not found
Native extension for Android target not found
Refreshing native plugins compatible for Editor in 0.60 ms, found 3 plugins.
Preloading 0 native plugins for Editor in 0.00 ms.
Mono: successfully reloaded assembly
- Completed reload, in  0.970 seconds
Domain Reload Profiling:
	ReloadAssembly (971ms)
		BeginReloadAssembly (122ms)
			ExecutionOrderSort (0ms)
			DisableScriptedObjects (7ms)
			BackupInstance (0ms)
			ReleaseScriptingObjects (0ms)
			CreateAndSetChildDomain (35ms)
		EndReloadAssembly (753ms)
			LoadAssemblies (69ms)
			RebuildTransferFunctionScriptingTraits (0ms)
			SetupTypeCache (281ms)
			ReleaseScriptCaches (1ms)
			RebuildScriptCaches (43ms)
			SetupLoadedEditorAssemblies (314ms)
				LogAssemblyErrors (0ms)
				InitializePlatformSupportModulesInManaged (19ms)
				SetLoadedEditorAssemblies (0ms)
				RefreshPlugins (1ms)
				BeforeProcessingInitializeOnLoad (72ms)
				ProcessInitializeOnLoadAttributes (197ms)
				ProcessInitializeOnLoadMethodAttributes (22ms)
				AfterProcessingInitializeOnLoad (3ms)
				EditorAssembliesLoaded (0ms)
			ExecutionOrderSort2 (0ms)
			AwakeInstancesAfterBackupRestoration (6ms)
Platform modules already initialized, skipping
Refreshing native plugins compatible for Editor in 1.86 ms, found 3 plugins.
Preloading 0 native plugins for Editor in 0.00 ms.
Unloading 3425 Unused Serialized files (Serialized files now loaded: 0)
Unloading 18 unused Assets / (24.7 KB). Loaded Objects now: 3908.
Memory consumption went from 122.3 MB to 122.3 MB.
Total: 3.155100 ms (FindLiveObjects: 0.199800 ms CreateObjectMapping: 0.121900 ms MarkObjects: 2.816100 ms  DeleteObjects: 0.016600 ms)

AssetImportParameters requested are different than current active one (requested -> active):
  custom:video-decoder-ogg-theora: a1e56fd34408186e4bbccfd4996cb3dc -> 
  custom:container-muxer-webm: aa71ff27fc2769a1b78a27578f13a17b -> 
  custom:container-demuxer-webm: 4f35f7cbe854078d1ac9338744f61a02 -> 
  custom:video-encoder-webm-vp8: eb34c28f22e8b96e1ab97ce403110664 -> 
  custom:audio-encoder-webm-vorbis: bf7c407c2cedff20999df2af8eb42d56 -> 
  custom:framework-win-MediaFoundation: 216162199b28c13a410421893ffa2e32 -> 
  custom:container-demuxer-ogg: 62fdf1f143b41e24485cea50d1cbac27 -> 
  custom:video-decoder-webm-vp8: 9c59270c3fd7afecdb556c50c9e8de78 -> 
  custom:audio-decoder-ogg-vorbis: bf7c407c2cedff20999df2af8eb42d56 -> 
========================================================================
Received Import Request.
  Time since last request: 122.244541 seconds.
  path: Assets/Hasan/Prefabs/charc_1Pistol_Idle.fbx
  artifactKey: Guid(27b46eeba82d5054ab82f78c93b0ea57) Importer(815301076,1909f56bfc062723c751e8b465ee728b)
Start importing Assets/Hasan/Prefabs/charc_1Pistol_Idle.fbx using Guid(27b46eeba82d5054ab82f78c93b0ea57) Importer(815301076,1909f56bfc062723c751e8b465ee728b)  -> (artifact id: '43c323d06b76e63ef49ea7d45dfe3d0d') in 0.040238 seconds 
========================================================================
Received Import Request.
  Time since last request: 0.447692 seconds.
  path: Assets/Hasan/Prefabs/charc_1Pistol_Run.fbx
  artifactKey: Guid(6b2571b3e96bcb841933da7be99d4fc1) Importer(815301076,1909f56bfc062723c751e8b465ee728b)
Start importing Assets/Hasan/Prefabs/charc_1Pistol_Run.fbx using Guid(6b2571b3e96bcb841933da7be99d4fc1) Importer(815301076,1909f56bfc062723c751e8b465ee728b)  -> (artifact id: 'e6fbb2231bd323220c43224833ef5217') in 0.009711 seconds 
========================================================================
Received Import Request.
  Time since last request: 3.813583 seconds.
  path: Assets/Hasan/Prefabs/Materials
  artifactKey: Guid(369457686ab9b904eb2b339ccbac3c7d) Importer(815301076,1909f56bfc062723c751e8b465ee728b)
Start importing Assets/Hasan/Prefabs/Materials using Guid(369457686ab9b904eb2b339ccbac3c7d) Importer(815301076,1909f56bfc062723c751e8b465ee728b)  -> (artifact id: '038a01bf677edacd32c1117a49fc7005') in 0.006201 seconds 
========================================================================
Received Import Request.
  Time since last request: 2.632648 seconds.
  path: Assets/Hasan/Script
  artifactKey: Guid(79bef9a824d08914bbc5b261f14dd567) Importer(815301076,1909f56bfc062723c751e8b465ee728b)
Start importing Assets/Hasan/Script using Guid(79bef9a824d08914bbc5b261f14dd567) Importer(815301076,1909f56bfc062723c751e8b465ee728b)  -> (artifact id: '4e2e9363d9af9058de4c2d25c983a9e1') in 0.008241 seconds 
========================================================================
Received Import Request.
  Time since last request: 0.493562 seconds.
  path: Assets/Hasan/Script/BugCreator.cs
  artifactKey: Guid(0ea2230bef687d04e850eccc618eca8d) Importer(815301076,1909f56bfc062723c751e8b465ee728b)
Start importing Assets/Hasan/Script/BugCreator.cs using Guid(0ea2230bef687d04e850eccc618eca8d) Importer(815301076,1909f56bfc062723c751e8b465ee728b)  -> (artifact id: '7c60294410c727b9e0b4ca911f4eccf5') in 0.008979 seconds 
========================================================================
Received Import Request.
  Time since last request: 2.442073 seconds.
  path: Assets/Hasan/Script/EnemyController.cs
  artifactKey: Guid(17a1b6d8f64f95548901c08da265240f) Importer(815301076,1909f56bfc062723c751e8b465ee728b)
Start importing Assets/Hasan/Script/EnemyController.cs using Guid(17a1b6d8f64f95548901c08da265240f) Importer(815301076,1909f56bfc062723c751e8b465ee728b)  -> (artifact id: '48505eac68c624f70427fcfcd86c5610') in 0.007103 seconds 
========================================================================
Received Import Request.
  Time since last request: 10.466420 seconds.
  path: Assets/Hasan/Script/RootCreator.cs
  artifactKey: Guid(32175824072272e4d846e7e2f5004656) Importer(815301076,1909f56bfc062723c751e8b465ee728b)
Start importing Assets/Hasan/Script/RootCreator.cs using Guid(32175824072272e4d846e7e2f5004656) Importer(815301076,1909f56bfc062723c751e8b465ee728b)  -> (artifact id: 'a1386b69c5d7e5ebe86524a888ff19c8') in 0.006831 seconds 
========================================================================
Received Import Request.
  Time since last request: 0.388136 seconds.
  path: Assets/Hasan/Script/GameManager.cs
  artifactKey: Guid(3af3bf7137227864ebf3872fe43d5de4) Importer(815301076,1909f56bfc062723c751e8b465ee728b)
Start importing Assets/Hasan/Script/GameManager.cs using Guid(3af3bf7137227864ebf3872fe43d5de4) Importer(815301076,1909f56bfc062723c751e8b465ee728b)  -> (artifact id: 'ebb861cc51b7c1bfaf8484824b633689') in 0.006412 seconds 
========================================================================
Received Import Request.
  Time since last request: 7.904849 seconds.
  path: Assets/Hasan/Script/RootState.cs
  artifactKey: Guid(38c8418282a25dd4f9936a8ca0dfe31c) Importer(815301076,1909f56bfc062723c751e8b465ee728b)
Start importing Assets/Hasan/Script/RootState.cs using Guid(38c8418282a25dd4f9936a8ca0dfe31c) Importer(815301076,1909f56bfc062723c751e8b465ee728b)  -> (artifact id: '1a5be3e838af0c0bad543a8abbe87eb9') in 0.007468 seconds 
