Using pre-set license
Built from '2021.3/staging' branch; Version is '2021.3.16f1 (4016570cf34f) revision 4200023'; Using compiler version '192829333'; Build Type 'Release'
OS: 'Windows 10  (10.0.19045) 64bit Professional' Language: 'tr' Physical Memory: 8091 MB
BatchMode: 1, IsHumanControllingUs: 0, StartBugReporterOnCrash: 0, Is64bit: 1, IsPro: 1

COMMAND LINE ARGUMENTS:
C:\Program Files\Unity\Hub\Editor\2021.3.16f1\Editor\Unity.exe
-adb2
-batchMode
-noUpm
-name
AssetImportWorker0
-projectPath
D:/unitygame/GGJ4SEASON/4SEASON
-logFile
Logs/AssetImportWorker0.log
-srvPort
49757
Successfully changed project path to: D:/unitygame/GGJ4SEASON/4SEASON
D:/unitygame/GGJ4SEASON/4SEASON
[UnityMemory] Configuration Parameters - Can be set up in boot.config
    "memorysetup-bucket-allocator-granularity=16"
    "memorysetup-bucket-allocator-bucket-count=8"
    "memorysetup-bucket-allocator-block-size=33554432"
    "memorysetup-bucket-allocator-block-count=8"
    "memorysetup-main-allocator-block-size=16777216"
    "memorysetup-thread-allocator-block-size=16777216"
    "memorysetup-gfx-main-allocator-block-size=16777216"
    "memorysetup-gfx-thread-allocator-block-size=16777216"
    "memorysetup-cache-allocator-block-size=4194304"
    "memorysetup-typetree-allocator-block-size=2097152"
    "memorysetup-profiler-bucket-allocator-granularity=16"
    "memorysetup-profiler-bucket-allocator-bucket-count=8"
    "memorysetup-profiler-bucket-allocator-block-size=33554432"
    "memorysetup-profiler-bucket-allocator-block-count=8"
    "memorysetup-profiler-allocator-block-size=16777216"
    "memorysetup-profiler-editor-allocator-block-size=1048576"
    "memorysetup-temp-allocator-size-main=16777216"
    "memorysetup-job-temp-allocator-block-size=2097152"
    "memorysetup-job-temp-allocator-block-size-background=1048576"
    "memorysetup-job-temp-allocator-reduction-small-platforms=262144"
    "memorysetup-temp-allocator-size-background-worker=32768"
    "memorysetup-temp-allocator-size-job-worker=262144"
    "memorysetup-temp-allocator-size-preload-manager=33554432"
    "memorysetup-temp-allocator-size-nav-mesh-worker=65536"
    "memorysetup-temp-allocator-size-audio-worker=65536"
    "memorysetup-temp-allocator-size-cloud-worker=32768"
    "memorysetup-temp-allocator-size-gi-baking-worker=262144"
    "memorysetup-temp-allocator-size-gfx=262144"
Player connection [10796] Host "[IP] 192.168.1.119 [Port] 0 [Flags] 2 [Guid] 2138199579 [EditorId] 2138199579 [Version] 1048832 [Id] WindowsEditor(7,DESKTOP-8IDL0MP) [Debug] 1 [PackageName] WindowsEditor [ProjectName] Editor" joined multi-casting on [225.0.0.222:54997]...

Player connection [10796] Host "[IP] 192.168.1.119 [Port] 0 [Flags] 2 [Guid] 2138199579 [EditorId] 2138199579 [Version] 1048832 [Id] WindowsEditor(7,DESKTOP-8IDL0MP) [Debug] 1 [PackageName] WindowsEditor [ProjectName] Editor" joined alternative multi-casting on [225.0.0.222:34997]...

Refreshing native plugins compatible for Editor in 248.25 ms, found 3 plugins.
Preloading 0 native plugins for Editor in 0.00 ms.
Initialize engine version: 2021.3.16f1 (4016570cf34f)
[Subsystems] Discovering subsystems at path C:/Program Files/Unity/Hub/Editor/2021.3.16f1/Editor/Data/Resources/UnitySubsystems
[Subsystems] Discovering subsystems at path D:/unitygame/GGJ4SEASON/4SEASON/Assets
GfxDevice: creating device client; threaded=0; jobified=0
Direct3D:
    Version:  Direct3D 11.0 [level 11.0]
    Renderer: NVIDIA GeForce 940M (ID=0x1347)
    Vendor:   NVIDIA
    VRAM:     2010 MB
    Driver:   30.0.14.7212
Initialize mono
Mono path[0] = 'C:/Program Files/Unity/Hub/Editor/2021.3.16f1/Editor/Data/Managed'
Mono path[1] = 'C:/Program Files/Unity/Hub/Editor/2021.3.16f1/Editor/Data/MonoBleedingEdge/lib/mono/unityjit-win32'
Mono config path = 'C:/Program Files/Unity/Hub/Editor/2021.3.16f1/Editor/Data/MonoBleedingEdge/etc'
Using monoOptions --debugger-agent=transport=dt_socket,embedding=1,server=y,suspend=n,address=127.0.0.1:56848
Begin MonoManager ReloadAssembly
Registering precompiled unity dll's ...
Register platform support module: C:/Program Files/Unity/Hub/Editor/2021.3.16f1/Editor/Data/PlaybackEngines/WindowsStandaloneSupport/UnityEditor.WindowsStandalone.Extensions.dll
Registered in 0.018320 seconds.
Native extension for WindowsStandalone target not found
Refreshing native plugins compatible for Editor in 189.78 ms, found 3 plugins.
Preloading 0 native plugins for Editor in 0.00 ms.
Mono: successfully reloaded assembly
- Completed reload, in  1.432 seconds
Domain Reload Profiling:
	ReloadAssembly (1433ms)
		BeginReloadAssembly (164ms)
			ExecutionOrderSort (0ms)
			DisableScriptedObjects (0ms)
			BackupInstance (0ms)
			ReleaseScriptingObjects (0ms)
			CreateAndSetChildDomain (3ms)
		EndReloadAssembly (1023ms)
			LoadAssemblies (154ms)
			RebuildTransferFunctionScriptingTraits (0ms)
			SetupTypeCache (273ms)
			ReleaseScriptCaches (0ms)
			RebuildScriptCaches (68ms)
			SetupLoadedEditorAssemblies (572ms)
				LogAssemblyErrors (0ms)
				InitializePlatformSupportModulesInManaged (17ms)
				SetLoadedEditorAssemblies (0ms)
				RefreshPlugins (190ms)
				BeforeProcessingInitializeOnLoad (2ms)
				ProcessInitializeOnLoadAttributes (250ms)
				ProcessInitializeOnLoadMethodAttributes (112ms)
				AfterProcessingInitializeOnLoad (0ms)
				EditorAssembliesLoaded (0ms)
			ExecutionOrderSort2 (0ms)
			AwakeInstancesAfterBackupRestoration (0ms)
Platform modules already initialized, skipping
Registering precompiled user dll's ...
Registered in 0.012035 seconds.
Begin MonoManager ReloadAssembly
Symbol file LoadedFromMemory doesn't match image D:\unitygame\GGJ4SEASON\4SEASON\Library\PackageCache\com.unity.visualscripting@1.7.8\Editor\VisualScripting.Core\Dependencies\YamlDotNet\Unity.VisualScripting.YamlDotNet.dll
Symbol file LoadedFromMemory doesn't match image D:\unitygame\GGJ4SEASON\4SEASON\Library\PackageCache\com.unity.visualscripting@1.7.8\Editor\VisualScripting.Core\Dependencies\DotNetZip\Unity.VisualScripting.IonicZip.dll
Native extension for WindowsStandalone target not found
Refreshing native plugins compatible for Editor in 1.31 ms, found 3 plugins.
Preloading 0 native plugins for Editor in 0.00 ms.
Mono: successfully reloaded assembly
- Completed reload, in  2.688 seconds
Domain Reload Profiling:
	ReloadAssembly (2689ms)
		BeginReloadAssembly (245ms)
			ExecutionOrderSort (0ms)
			DisableScriptedObjects (13ms)
			BackupInstance (0ms)
			ReleaseScriptingObjects (0ms)
			CreateAndSetChildDomain (46ms)
		EndReloadAssembly (2138ms)
			LoadAssemblies (196ms)
			RebuildTransferFunctionScriptingTraits (0ms)
			SetupTypeCache (604ms)
			ReleaseScriptCaches (2ms)
			RebuildScriptCaches (121ms)
			SetupLoadedEditorAssemblies (1136ms)
				LogAssemblyErrors (0ms)
				InitializePlatformSupportModulesInManaged (13ms)
				SetLoadedEditorAssemblies (1ms)
				RefreshPlugins (1ms)
				BeforeProcessingInitializeOnLoad (169ms)
				ProcessInitializeOnLoadAttributes (886ms)
				ProcessInitializeOnLoadMethodAttributes (48ms)
				AfterProcessingInitializeOnLoad (18ms)
				EditorAssembliesLoaded (0ms)
			ExecutionOrderSort2 (0ms)
			AwakeInstancesAfterBackupRestoration (11ms)
Platform modules already initialized, skipping
========================================================================
Worker process is ready to serve import requests
Launched and connected shader compiler UnityShaderCompiler.exe after 0.10 seconds
Refreshing native plugins compatible for Editor in 1.90 ms, found 3 plugins.
Preloading 0 native plugins for Editor in 0.00 ms.
Unloading 3432 Unused Serialized files (Serialized files now loaded: 0)
Unloading 27 unused Assets / (113.5 KB). Loaded Objects now: 3890.
Memory consumption went from 120.8 MB to 120.7 MB.
Total: 5.250900 ms (FindLiveObjects: 0.362200 ms CreateObjectMapping: 0.398300 ms MarkObjects: 4.185400 ms  DeleteObjects: 0.303300 ms)

AssetImportParameters requested are different than current active one (requested -> active):
  custom:video-decoder-ogg-theora: a1e56fd34408186e4bbccfd4996cb3dc -> 
  custom:container-muxer-webm: aa71ff27fc2769a1b78a27578f13a17b -> 
  custom:container-demuxer-webm: 4f35f7cbe854078d1ac9338744f61a02 -> 
  custom:video-encoder-webm-vp8: eb34c28f22e8b96e1ab97ce403110664 -> 
  custom:audio-encoder-webm-vorbis: bf7c407c2cedff20999df2af8eb42d56 -> 
  custom:framework-win-MediaFoundation: 216162199b28c13a410421893ffa2e32 -> 
  custom:container-demuxer-ogg: 62fdf1f143b41e24485cea50d1cbac27 -> 
  custom:video-decoder-webm-vp8: 9c59270c3fd7afecdb556c50c9e8de78 -> 
  custom:audio-decoder-ogg-vorbis: bf7c407c2cedff20999df2af8eb42d56 -> 
========================================================================
Received Import Request.
  Time since last request: 139.465241 seconds.
  path: Assets/New Terrain.asset
  artifactKey: Guid(7b15145e7fdf69a458b7c2aaa82bd5e0) Importer(815301076,1909f56bfc062723c751e8b465ee728b)
Start importing Assets/New Terrain.asset using Guid(7b15145e7fdf69a458b7c2aaa82bd5e0) Importer(815301076,1909f56bfc062723c751e8b465ee728b)  -> (artifact id: 'b859f3876a15d563c18e96a0b499b6e2') in 0.650268 seconds 
========================================================================
Received Import Request.
  Time since last request: 18.288653 seconds.
  path: Assets/Berat/ScriptableObjects
  artifactKey: Guid(af5ab5b556d271a4eb44f843c2abcfe2) Importer(815301076,1909f56bfc062723c751e8b465ee728b)
Start importing Assets/Berat/ScriptableObjects using Guid(af5ab5b556d271a4eb44f843c2abcfe2) Importer(815301076,1909f56bfc062723c751e8b465ee728b)  -> (artifact id: '6d7ede4af342b9b7ea42d9230891a0a2') in 0.002978 seconds 
========================================================================
Received Import Request.
  Time since last request: 0.257406 seconds.
  path: Assets/Berat/Prefabs
  artifactKey: Guid(914c879d55422a146af730a203e48312) Importer(815301076,1909f56bfc062723c751e8b465ee728b)
Start importing Assets/Berat/Prefabs using Guid(914c879d55422a146af730a203e48312) Importer(815301076,1909f56bfc062723c751e8b465ee728b)  -> (artifact id: '51f4866fe852ac2756c718e46079feac') in 0.006681 seconds 
========================================================================
Received Import Request.
  Time since last request: 8.221948 seconds.
  path: Assets/Berat/Animations
  artifactKey: Guid(1be85e80274b54449bbd4edce6894d96) Importer(815301076,1909f56bfc062723c751e8b465ee728b)
Start importing Assets/Berat/Animations using Guid(1be85e80274b54449bbd4edce6894d96) Importer(815301076,1909f56bfc062723c751e8b465ee728b)  -> (artifact id: 'fddecb86f2b82adbeee13fffe0d7228c') in 0.003190 seconds 
========================================================================
Received Import Request.
  Time since last request: 0.026460 seconds.
  path: Assets/Berat/Animations/charc_1@Pistol Idle.fbx
  artifactKey: Guid(5e0524d200c362744af16fb58c2fca0b) Importer(815301076,1909f56bfc062723c751e8b465ee728b)
Start importing Assets/Berat/Animations/charc_1@Pistol Idle.fbx using Guid(5e0524d200c362744af16fb58c2fca0b) Importer(815301076,1909f56bfc062723c751e8b465ee728b)  -> (artifact id: '4f3a43c5e1a68494c191bdd9b4ca2884') in 0.185072 seconds 
========================================================================
Received Import Request.
  Time since last request: 0.918497 seconds.
  path: Assets/Berat/Farmer/charc.obj
  artifactKey: Guid(2d5b61bdde0b9594b9f8822f4dcda5a4) Importer(815301076,1909f56bfc062723c751e8b465ee728b)
Start importing Assets/Berat/Farmer/charc.obj using Guid(2d5b61bdde0b9594b9f8822f4dcda5a4) Importer(815301076,1909f56bfc062723c751e8b465ee728b)  -> (artifact id: '63743b356b8a990198ae8a783f2438a3') in 0.408074 seconds 
========================================================================
Received Import Request.
  Time since last request: 0.000040 seconds.
  path: Assets/Berat/Farmer/charc_1@Pistol Idle.fbx
  artifactKey: Guid(a8690063cda3cb943bbaee2ed59261ee) Importer(815301076,1909f56bfc062723c751e8b465ee728b)
Start importing Assets/Berat/Farmer/charc_1@Pistol Idle.fbx using Guid(a8690063cda3cb943bbaee2ed59261ee) Importer(815301076,1909f56bfc062723c751e8b465ee728b)  -> (artifact id: 'f4abcd8dae8616c1c685ab644498fe0a') in 0.056048 seconds 
========================================================================
Received Import Request.
  Time since last request: 0.212674 seconds.
  path: Assets/Berat/Materials/BeltMaterial.mat
  artifactKey: Guid(fca5162c11bcb504eac34c3735501831) Importer(815301076,1909f56bfc062723c751e8b465ee728b)
Start importing Assets/Berat/Materials/BeltMaterial.mat using Guid(fca5162c11bcb504eac34c3735501831) Importer(815301076,1909f56bfc062723c751e8b465ee728b)  -> (artifact id: '8d88e3bf22ba6d9450c40694679ac231') in 0.205710 seconds 
========================================================================
Received Import Request.
  Time since last request: 0.000044 seconds.
  path: Assets/Berat/Materials/CHARTEXTURE.png
  artifactKey: Guid(cf99e4edd9455ea4e9d6e4250697e613) Importer(815301076,1909f56bfc062723c751e8b465ee728b)
Start importing Assets/Berat/Materials/CHARTEXTURE.png using Guid(cf99e4edd9455ea4e9d6e4250697e613) Importer(815301076,1909f56bfc062723c751e8b465ee728b)  -> (artifact id: '2c4afb8a2d8d6894352c26cc3ed24aed') in 0.580120 seconds 
========================================================================
Received Import Request.
  Time since last request: 0.948267 seconds.
  path: Assets/Berat/Prefabs/InputManager.prefab
  artifactKey: Guid(2c438ba8431f20a4c934a7f303b6068e) Importer(815301076,1909f56bfc062723c751e8b465ee728b)
Start importing Assets/Berat/Prefabs/InputManager.prefab using Guid(2c438ba8431f20a4c934a7f303b6068e) Importer(815301076,1909f56bfc062723c751e8b465ee728b)  -> (artifact id: '5368bf9f1109b04b664543cdc975d6f6') in 0.050953 seconds 
========================================================================
Received Import Request.
  Time since last request: 1.193036 seconds.
  path: Assets/Berat/ScriptableObjects/Player Input Data Rotation.asset
  artifactKey: Guid(15c809841d6f23144a2a1dd9a004b47b) Importer(815301076,1909f56bfc062723c751e8b465ee728b)
Start importing Assets/Berat/ScriptableObjects/Player Input Data Rotation.asset using Guid(15c809841d6f23144a2a1dd9a004b47b) Importer(815301076,1909f56bfc062723c751e8b465ee728b)  -> (artifact id: '035e602c472218fc8b793d6a9f5df035') in 0.002838 seconds 
========================================================================
Received Import Request.
  Time since last request: 0.000045 seconds.
  path: Assets/Berat/ScriptableObjects/Player Movement Settings.asset
  artifactKey: Guid(9e805ab4f885d9a46bbfe940ecb4e020) Importer(815301076,1909f56bfc062723c751e8b465ee728b)
Start importing Assets/Berat/ScriptableObjects/Player Movement Settings.asset using Guid(9e805ab4f885d9a46bbfe940ecb4e020) Importer(815301076,1909f56bfc062723c751e8b465ee728b)  -> (artifact id: '94ed4d026f638e610fb2863543378e44') in 0.008257 seconds 
========================================================================
Received Prepare
Registering precompiled user dll's ...
Registered in 0.011597 seconds.
Begin MonoManager ReloadAssembly
Symbol file LoadedFromMemory doesn't match image D:\unitygame\GGJ4SEASON\4SEASON\Library\PackageCache\com.unity.visualscripting@1.7.8\Editor\VisualScripting.Core\Dependencies\YamlDotNet\Unity.VisualScripting.YamlDotNet.dll
Symbol file LoadedFromMemory doesn't match image D:\unitygame\GGJ4SEASON\4SEASON\Library\PackageCache\com.unity.visualscripting@1.7.8\Editor\VisualScripting.Core\Dependencies\DotNetZip\Unity.VisualScripting.IonicZip.dll
Native extension for WindowsStandalone target not found
Refreshing native plugins compatible for Editor in 1.78 ms, found 3 plugins.
Preloading 0 native plugins for Editor in 0.00 ms.
Mono: successfully reloaded assembly
- Completed reload, in  3.135 seconds
Domain Reload Profiling:
	ReloadAssembly (3137ms)
		BeginReloadAssembly (415ms)
			ExecutionOrderSort (0ms)
			DisableScriptedObjects (15ms)
			BackupInstance (0ms)
			ReleaseScriptingObjects (0ms)
			CreateAndSetChildDomain (114ms)
		EndReloadAssembly (2401ms)
			LoadAssemblies (273ms)
			RebuildTransferFunctionScriptingTraits (0ms)
			SetupTypeCache (851ms)
			ReleaseScriptCaches (2ms)
			RebuildScriptCaches (125ms)
			SetupLoadedEditorAssemblies (1057ms)
				LogAssemblyErrors (0ms)
				InitializePlatformSupportModulesInManaged (37ms)
				SetLoadedEditorAssemblies (1ms)
				RefreshPlugins (2ms)
				BeforeProcessingInitializeOnLoad (204ms)
				ProcessInitializeOnLoadAttributes (696ms)
				ProcessInitializeOnLoadMethodAttributes (88ms)
				AfterProcessingInitializeOnLoad (28ms)
				EditorAssembliesLoaded (1ms)
			ExecutionOrderSort2 (0ms)
			AwakeInstancesAfterBackupRestoration (22ms)
Platform modules already initialized, skipping
Refreshing native plugins compatible for Editor in 7.70 ms, found 3 plugins.
Preloading 0 native plugins for Editor in 0.00 ms.
Unloading 3427 Unused Serialized files (Serialized files now loaded: 0)
Unloading 22 unused Assets / (0.6 MB). Loaded Objects now: 3943.
Memory consumption went from 126.5 MB to 125.9 MB.
Total: 8.298600 ms (FindLiveObjects: 0.492300 ms CreateObjectMapping: 0.472800 ms MarkObjects: 6.630400 ms  DeleteObjects: 0.701200 ms)

AssetImportParameters requested are different than current active one (requested -> active):
  custom:video-decoder-ogg-theora: a1e56fd34408186e4bbccfd4996cb3dc -> 
  custom:container-muxer-webm: aa71ff27fc2769a1b78a27578f13a17b -> 
  custom:container-demuxer-webm: 4f35f7cbe854078d1ac9338744f61a02 -> 
  custom:video-encoder-webm-vp8: eb34c28f22e8b96e1ab97ce403110664 -> 
  custom:audio-encoder-webm-vorbis: bf7c407c2cedff20999df2af8eb42d56 -> 
  custom:framework-win-MediaFoundation: 216162199b28c13a410421893ffa2e32 -> 
  custom:container-demuxer-ogg: 62fdf1f143b41e24485cea50d1cbac27 -> 
  custom:video-decoder-webm-vp8: 9c59270c3fd7afecdb556c50c9e8de78 -> 
  custom:audio-decoder-ogg-vorbis: bf7c407c2cedff20999df2af8eb42d56 -> 
Editor requested this worker to shutdown with reason: Scaling down because of idle timeout
AssetImportWorker is now disconnected from the server
Process exiting
Exiting without the bug reporter. Application will terminate with return code 0